<?xml version="1.0" encoding="UTF-8"?>
<testng-results ignored="0" total="7" passed="7" failed="0" skipped="0">
  <reporter-output>
  </reporter-output>
  <suite started-at="2025-03-25T16:02:54 IST" name="Suite" finished-at="2025-03-25T16:11:48 IST" duration-ms="533989">
    <groups>
      <group name="cucumber">
        <method signature="AbstractTestNGCucumberTests.runScenario(io.cucumber.testng.PickleWrapper,io.cucumber.testng.FeatureWrapper)[pri:0, instance:com.Tastynibbles.Runner.TastyNibblesAddItemToCart@df6620a]" name="runScenario" class="io.cucumber.testng.AbstractTestNGCucumberTests"/>
        <method signature="AbstractTestNGCucumberTests.runScenario(io.cucumber.testng.PickleWrapper,io.cucumber.testng.FeatureWrapper)[pri:0, instance:com.Tastynibbles.Runner.TastyNibblesAddingMultipleProductsAndVerfyCart@27d5a580]" name="runScenario" class="io.cucumber.testng.AbstractTestNGCucumberTests"/>
        <method signature="AbstractTestNGCucumberTests.runScenario(io.cucumber.testng.PickleWrapper,io.cucumber.testng.FeatureWrapper)[pri:0, instance:com.Tastynibbles.Runner.TastyNibblesLoginAndLogout@4e31276e]" name="runScenario" class="io.cucumber.testng.AbstractTestNGCucumberTests"/>
        <method signature="AbstractTestNGCucumberTests.runScenario(io.cucumber.testng.PickleWrapper,io.cucumber.testng.FeatureWrapper)[pri:0, instance:com.Tastynibbles.Runner.TastyNibblesRegistration@5cdec700]" name="runScenario" class="io.cucumber.testng.AbstractTestNGCucumberTests"/>
        <method signature="AbstractTestNGCucumberTests.runScenario(io.cucumber.testng.PickleWrapper,io.cucumber.testng.FeatureWrapper)[pri:0, instance:com.Tastynibbles.Runner.TestyNibblesValidAndInvalidCredentials@1a72a540]" name="runScenario" class="io.cucumber.testng.AbstractTestNGCucumberTests"/>
      </group> <!-- cucumber -->
    </groups>
    <test started-at="2025-03-25T16:02:54 IST" name="Test" finished-at="2025-03-25T16:11:48 IST" duration-ms="533989">
      <class name="com.Tastynibbles.Runner.TestyNibblesValidAndInvalidCredentials">
        <test-method is-config="true" signature="setUpClass(org.testng.ITestContext)[pri:0, instance:com.Tastynibbles.Runner.TestyNibblesValidAndInvalidCredentials@1a72a540]" started-at="2025-03-25T16:07:53 IST" name="setUpClass" finished-at="2025-03-25T16:07:53 IST" duration-ms="48" status="PASS">
          <params>
            <param index="0">
              <value>
                <![CDATA[org.testng.TestRunner@70bc9070]]>
              </value>
            </param>
          </params>
          <reporter-output>
          </reporter-output>
        </test-method> <!-- setUpClass -->
        <test-method signature="runScenario(io.cucumber.testng.PickleWrapper,io.cucumber.testng.FeatureWrapper)[pri:0, instance:com.Tastynibbles.Runner.TestyNibblesValidAndInvalidCredentials@1a72a540]" started-at="2025-03-25T16:07:53 IST" name="runScenario" description="Runs Cucumber Scenarios" data-provider="scenarios" finished-at="2025-03-25T16:08:48 IST" duration-ms="55368" status="PASS">
          <params>
            <param index="0">
              <value>
                <![CDATA["User Login with invalid credentials"]]>
              </value>
            </param>
            <param index="1">
              <value>
                <![CDATA["User Login with valid and invalid credentials"]]>
              </value>
            </param>
          </params>
          <reporter-output>
          </reporter-output>
        </test-method> <!-- runScenario -->
        <test-method signature="runScenario(io.cucumber.testng.PickleWrapper,io.cucumber.testng.FeatureWrapper)[pri:0, instance:com.Tastynibbles.Runner.TestyNibblesValidAndInvalidCredentials@1a72a540]" started-at="2025-03-25T16:08:48 IST" name="runScenario" description="Runs Cucumber Scenarios" data-provider="scenarios" finished-at="2025-03-25T16:09:44 IST" duration-ms="55542" status="PASS">
          <params>
            <param index="0">
              <value>
                <![CDATA["User Login with valid credentials"]]>
              </value>
            </param>
            <param index="1">
              <value>
                <![CDATA["User Login with valid and invalid credentials"]]>
              </value>
            </param>
          </params>
          <reporter-output>
          </reporter-output>
        </test-method> <!-- runScenario -->
        <test-method is-config="true" signature="tearDownClass()[pri:0, instance:com.Tastynibbles.Runner.TestyNibblesValidAndInvalidCredentials@1a72a540]" started-at="2025-03-25T16:09:44 IST" name="tearDownClass" finished-at="2025-03-25T16:09:44 IST" duration-ms="11" status="PASS">
          <reporter-output>
          </reporter-output>
        </test-method> <!-- tearDownClass -->
      </class> <!-- com.Tastynibbles.Runner.TestyNibblesValidAndInvalidCredentials -->
      <class name="com.Tastynibbles.Runner.TastyNibblesAddItemToCart">
        <test-method is-config="true" signature="setUpClass(org.testng.ITestContext)[pri:0, instance:com.Tastynibbles.Runner.TastyNibblesAddItemToCart@df6620a]" started-at="2025-03-25T16:05:39 IST" name="setUpClass" finished-at="2025-03-25T16:05:39 IST" duration-ms="18" status="PASS">
          <params>
            <param index="0">
              <value>
                <![CDATA[org.testng.TestRunner@70bc9070]]>
              </value>
            </param>
          </params>
          <reporter-output>
          </reporter-output>
        </test-method> <!-- setUpClass -->
        <test-method signature="runScenario(io.cucumber.testng.PickleWrapper,io.cucumber.testng.FeatureWrapper)[pri:0, instance:com.Tastynibbles.Runner.TastyNibblesAddItemToCart@df6620a]" started-at="2025-03-25T16:05:39 IST" name="runScenario" description="Runs Cucumber Scenarios" data-provider="scenarios" finished-at="2025-03-25T16:07:07 IST" duration-ms="88063" status="PASS">
          <params>
            <param index="0">
              <value>
                <![CDATA["Login and search product and add to cart"]]>
              </value>
            </param>
            <param index="1">
              <value>
                <![CDATA["Unknown"]]>
              </value>
            </param>
          </params>
          <reporter-output>
          </reporter-output>
        </test-method> <!-- runScenario -->
        <test-method is-config="true" signature="tearDownClass()[pri:0, instance:com.Tastynibbles.Runner.TastyNibblesAddItemToCart@df6620a]" started-at="2025-03-25T16:07:07 IST" name="tearDownClass" finished-at="2025-03-25T16:07:08 IST" duration-ms="14" status="PASS">
          <reporter-output>
          </reporter-output>
        </test-method> <!-- tearDownClass -->
      </class> <!-- com.Tastynibbles.Runner.TastyNibblesAddItemToCart -->
      <class name="com.Tastynibbles.Runner.TastyNibblesLoginAndLogout">
        <test-method is-config="true" signature="setUpClass(org.testng.ITestContext)[pri:0, instance:com.Tastynibbles.Runner.TastyNibblesLoginAndLogout@4e31276e]" started-at="2025-03-25T16:07:08 IST" name="setUpClass" finished-at="2025-03-25T16:07:08 IST" duration-ms="17" status="PASS">
          <params>
            <param index="0">
              <value>
                <![CDATA[org.testng.TestRunner@70bc9070]]>
              </value>
            </param>
          </params>
          <reporter-output>
          </reporter-output>
        </test-method> <!-- setUpClass -->
        <test-method signature="runScenario(io.cucumber.testng.PickleWrapper,io.cucumber.testng.FeatureWrapper)[pri:0, instance:com.Tastynibbles.Runner.TastyNibblesLoginAndLogout@4e31276e]" started-at="2025-03-25T16:07:08 IST" name="runScenario" description="Runs Cucumber Scenarios" data-provider="scenarios" finished-at="2025-03-25T16:07:53 IST" duration-ms="45095" status="PASS">
          <params>
            <param index="0">
              <value>
                <![CDATA["Successful Logout and Session Verification"]]>
              </value>
            </param>
            <param index="1">
              <value>
                <![CDATA["User LogOut"]]>
              </value>
            </param>
          </params>
          <reporter-output>
          </reporter-output>
        </test-method> <!-- runScenario -->
        <test-method is-config="true" signature="tearDownClass()[pri:0, instance:com.Tastynibbles.Runner.TastyNibblesLoginAndLogout@4e31276e]" started-at="2025-03-25T16:07:53 IST" name="tearDownClass" finished-at="2025-03-25T16:07:53 IST" duration-ms="37" status="PASS">
          <reporter-output>
          </reporter-output>
        </test-method> <!-- tearDownClass -->
      </class> <!-- com.Tastynibbles.Runner.TastyNibblesLoginAndLogout -->
      <class name="com.Tastynibbles.Runner.TastyNibblesRegistration">
        <test-method is-config="true" signature="setUpClass(org.testng.ITestContext)[pri:0, instance:com.Tastynibbles.Runner.TastyNibblesRegistration@5cdec700]" started-at="2025-03-25T16:02:54 IST" name="setUpClass" finished-at="2025-03-25T16:02:55 IST" duration-ms="602" status="PASS">
          <params>
            <param index="0">
              <value>
                <![CDATA[org.testng.TestRunner@70bc9070]]>
              </value>
            </param>
          </params>
          <reporter-output>
          </reporter-output>
        </test-method> <!-- setUpClass -->
        <test-method signature="runScenario(io.cucumber.testng.PickleWrapper,io.cucumber.testng.FeatureWrapper)[pri:0, instance:com.Tastynibbles.Runner.TastyNibblesRegistration@5cdec700]" started-at="2025-03-25T16:02:55 IST" name="runScenario" description="Runs Cucumber Scenarios" data-provider="scenarios" finished-at="2025-03-25T16:03:36 IST" duration-ms="41717" status="PASS">
          <params>
            <param index="0">
              <value>
                <![CDATA["User Registration with Invalid Data"]]>
              </value>
            </param>
            <param index="1">
              <value>
                <![CDATA["User Registration"]]>
              </value>
            </param>
          </params>
          <reporter-output>
          </reporter-output>
        </test-method> <!-- runScenario -->
        <test-method signature="runScenario(io.cucumber.testng.PickleWrapper,io.cucumber.testng.FeatureWrapper)[pri:0, instance:com.Tastynibbles.Runner.TastyNibblesRegistration@5cdec700]" started-at="2025-03-25T16:03:37 IST" name="runScenario" description="Runs Cucumber Scenarios" data-provider="scenarios" finished-at="2025-03-25T16:05:39 IST" duration-ms="122846" status="PASS">
          <params>
            <param index="0">
              <value>
                <![CDATA["User Registration with Valid Data"]]>
              </value>
            </param>
            <param index="1">
              <value>
                <![CDATA["User Registration"]]>
              </value>
            </param>
          </params>
          <reporter-output>
          </reporter-output>
        </test-method> <!-- runScenario -->
        <test-method is-config="true" signature="tearDownClass()[pri:0, instance:com.Tastynibbles.Runner.TastyNibblesRegistration@5cdec700]" started-at="2025-03-25T16:05:39 IST" name="tearDownClass" finished-at="2025-03-25T16:05:39 IST" duration-ms="16" status="PASS">
          <reporter-output>
          </reporter-output>
        </test-method> <!-- tearDownClass -->
      </class> <!-- com.Tastynibbles.Runner.TastyNibblesRegistration -->
      <class name="com.Tastynibbles.Runner.TastyNibblesAddingMultipleProductsAndVerfyCart">
        <test-method is-config="true" signature="setUpClass(org.testng.ITestContext)[pri:0, instance:com.Tastynibbles.Runner.TastyNibblesAddingMultipleProductsAndVerfyCart@27d5a580]" started-at="2025-03-25T16:09:44 IST" name="setUpClass" finished-at="2025-03-25T16:09:44 IST" duration-ms="13" status="PASS">
          <params>
            <param index="0">
              <value>
                <![CDATA[org.testng.TestRunner@70bc9070]]>
              </value>
            </param>
          </params>
          <reporter-output>
          </reporter-output>
        </test-method> <!-- setUpClass -->
        <test-method signature="runScenario(io.cucumber.testng.PickleWrapper,io.cucumber.testng.FeatureWrapper)[pri:0, instance:com.Tastynibbles.Runner.TastyNibblesAddingMultipleProductsAndVerfyCart@27d5a580]" started-at="2025-03-25T16:09:44 IST" name="runScenario" description="Runs Cucumber Scenarios" data-provider="scenarios" finished-at="2025-03-25T16:11:48 IST" duration-ms="124433" status="PASS">
          <params>
            <param index="0">
              <value>
                <![CDATA["User Adding two products and verifying cart summary"]]>
              </value>
            </param>
            <param index="1">
              <value>
                <![CDATA["Unknown"]]>
              </value>
            </param>
          </params>
          <reporter-output>
          </reporter-output>
        </test-method> <!-- runScenario -->
        <test-method is-config="true" signature="tearDownClass()[pri:0, instance:com.Tastynibbles.Runner.TastyNibblesAddingMultipleProductsAndVerfyCart@27d5a580]" started-at="2025-03-25T16:11:48 IST" name="tearDownClass" finished-at="2025-03-25T16:11:48 IST" duration-ms="14" status="PASS">
          <reporter-output>
          </reporter-output>
        </test-method> <!-- tearDownClass -->
      </class> <!-- com.Tastynibbles.Runner.TastyNibblesAddingMultipleProductsAndVerfyCart -->
    </test> <!-- Test -->
  </suite> <!-- Suite -->
</testng-results>
