<?xml version="1.0" encoding="UTF-8"?>
<testng-results ignored="0" total="6" passed="6" failed="0" skipped="0">
  <reporter-output>
  </reporter-output>
  <suite started-at="2025-03-21T13:51:53 IST" name="Suite" finished-at="2025-03-21T13:59:21 IST" duration-ms="447125">
    <groups>
      <group name="cucumber">
        <method signature="AbstractTestNGCucumberTests.runScenario(io.cucumber.testng.PickleWrapper,io.cucumber.testng.FeatureWrapper)[pri:0, instance:com.Tastynibbles.Runner.TastyNibblesAddItemToCart@7d9d0818]" name="runScenario" class="io.cucumber.testng.AbstractTestNGCucumberTests"/>
        <method signature="AbstractTestNGCucumberTests.runScenario(io.cucumber.testng.PickleWrapper,io.cucumber.testng.FeatureWrapper)[pri:0, instance:com.Tastynibbles.Runner.TastyNibblesLoginAndLogout@221a3fa4]" name="runScenario" class="io.cucumber.testng.AbstractTestNGCucumberTests"/>
        <method signature="AbstractTestNGCucumberTests.runScenario(io.cucumber.testng.PickleWrapper,io.cucumber.testng.FeatureWrapper)[pri:0, instance:com.Tastynibbles.Runner.TastyNibblesRegistration@6e9a5ed8]" name="runScenario" class="io.cucumber.testng.AbstractTestNGCucumberTests"/>
        <method signature="AbstractTestNGCucumberTests.runScenario(io.cucumber.testng.PickleWrapper,io.cucumber.testng.FeatureWrapper)[pri:0, instance:com.Tastynibbles.Runner.TestyNibblesValidAndInvalidCredentials@451001e5]" name="runScenario" class="io.cucumber.testng.AbstractTestNGCucumberTests"/>
      </group> <!-- cucumber -->
    </groups>
    <test started-at="2025-03-21T13:51:53 IST" name="Test" finished-at="2025-03-21T13:59:21 IST" duration-ms="447125">
      <class name="com.Tastynibbles.Runner.TestyNibblesValidAndInvalidCredentials">
        <test-method is-config="true" signature="setUpClass(org.testng.ITestContext)[pri:0, instance:com.Tastynibbles.Runner.TestyNibblesValidAndInvalidCredentials@451001e5]" started-at="2025-03-21T13:57:55 IST" name="setUpClass" finished-at="2025-03-21T13:57:55 IST" duration-ms="30" status="PASS">
          <params>
            <param index="0">
              <value>
                <![CDATA[org.testng.TestRunner@4239262e]]>
              </value>
            </param>
          </params>
          <reporter-output>
          </reporter-output>
        </test-method> <!-- setUpClass -->
        <test-method signature="runScenario(io.cucumber.testng.PickleWrapper,io.cucumber.testng.FeatureWrapper)[pri:0, instance:com.Tastynibbles.Runner.TestyNibblesValidAndInvalidCredentials@451001e5]" started-at="2025-03-21T13:57:55 IST" name="runScenario" description="Runs Cucumber Scenarios" data-provider="scenarios" finished-at="2025-03-21T13:58:45 IST" duration-ms="49542" status="PASS">
          <params>
            <param index="0">
              <value>
                <![CDATA["User Login with invalid credentials"]]>
              </value>
            </param>
            <param index="1">
              <value>
                <![CDATA["User Login with valid and invalid credentials"]]>
              </value>
            </param>
          </params>
          <reporter-output>
          </reporter-output>
        </test-method> <!-- runScenario -->
        <test-method signature="runScenario(io.cucumber.testng.PickleWrapper,io.cucumber.testng.FeatureWrapper)[pri:0, instance:com.Tastynibbles.Runner.TestyNibblesValidAndInvalidCredentials@451001e5]" started-at="2025-03-21T13:58:45 IST" name="runScenario" description="Runs Cucumber Scenarios" data-provider="scenarios" finished-at="2025-03-21T13:59:20 IST" duration-ms="35893" status="PASS">
          <params>
            <param index="0">
              <value>
                <![CDATA["User Login with valid credentials"]]>
              </value>
            </param>
            <param index="1">
              <value>
                <![CDATA["User Login with valid and invalid credentials"]]>
              </value>
            </param>
          </params>
          <reporter-output>
          </reporter-output>
        </test-method> <!-- runScenario -->
        <test-method is-config="true" signature="tearDownClass()[pri:0, instance:com.Tastynibbles.Runner.TestyNibblesValidAndInvalidCredentials@451001e5]" started-at="2025-03-21T13:59:20 IST" name="tearDownClass" finished-at="2025-03-21T13:59:21 IST" duration-ms="35" status="PASS">
          <reporter-output>
          </reporter-output>
        </test-method> <!-- tearDownClass -->
      </class> <!-- com.Tastynibbles.Runner.TestyNibblesValidAndInvalidCredentials -->
      <class name="com.Tastynibbles.Runner.TastyNibblesAddItemToCart">
        <test-method is-config="true" signature="setUpClass(org.testng.ITestContext)[pri:0, instance:com.Tastynibbles.Runner.TastyNibblesAddItemToCart@7d9d0818]" started-at="2025-03-21T13:55:12 IST" name="setUpClass" finished-at="2025-03-21T13:55:12 IST" duration-ms="28" status="PASS">
          <params>
            <param index="0">
              <value>
                <![CDATA[org.testng.TestRunner@4239262e]]>
              </value>
            </param>
          </params>
          <reporter-output>
          </reporter-output>
        </test-method> <!-- setUpClass -->
        <test-method signature="runScenario(io.cucumber.testng.PickleWrapper,io.cucumber.testng.FeatureWrapper)[pri:0, instance:com.Tastynibbles.Runner.TastyNibblesAddItemToCart@7d9d0818]" started-at="2025-03-21T13:55:12 IST" name="runScenario" description="Runs Cucumber Scenarios" data-provider="scenarios" finished-at="2025-03-21T13:57:03 IST" duration-ms="111395" status="PASS">
          <params>
            <param index="0">
              <value>
                <![CDATA["Login and search product and add to cart"]]>
              </value>
            </param>
            <param index="1">
              <value>
                <![CDATA["Unknown"]]>
              </value>
            </param>
          </params>
          <reporter-output>
          </reporter-output>
        </test-method> <!-- runScenario -->
        <test-method is-config="true" signature="tearDownClass()[pri:0, instance:com.Tastynibbles.Runner.TastyNibblesAddItemToCart@7d9d0818]" started-at="2025-03-21T13:57:03 IST" name="tearDownClass" finished-at="2025-03-21T13:57:03 IST" duration-ms="39" status="PASS">
          <reporter-output>
          </reporter-output>
        </test-method> <!-- tearDownClass -->
      </class> <!-- com.Tastynibbles.Runner.TastyNibblesAddItemToCart -->
      <class name="com.Tastynibbles.Runner.TastyNibblesLoginAndLogout">
        <test-method is-config="true" signature="setUpClass(org.testng.ITestContext)[pri:0, instance:com.Tastynibbles.Runner.TastyNibblesLoginAndLogout@221a3fa4]" started-at="2025-03-21T13:57:03 IST" name="setUpClass" finished-at="2025-03-21T13:57:03 IST" duration-ms="37" status="PASS">
          <params>
            <param index="0">
              <value>
                <![CDATA[org.testng.TestRunner@4239262e]]>
              </value>
            </param>
          </params>
          <reporter-output>
          </reporter-output>
        </test-method> <!-- setUpClass -->
        <test-method signature="runScenario(io.cucumber.testng.PickleWrapper,io.cucumber.testng.FeatureWrapper)[pri:0, instance:com.Tastynibbles.Runner.TastyNibblesLoginAndLogout@221a3fa4]" started-at="2025-03-21T13:57:03 IST" name="runScenario" description="Runs Cucumber Scenarios" data-provider="scenarios" finished-at="2025-03-21T13:57:55 IST" duration-ms="51897" status="PASS">
          <params>
            <param index="0">
              <value>
                <![CDATA["Successful Logout and Session Verification"]]>
              </value>
            </param>
            <param index="1">
              <value>
                <![CDATA["User LogOut"]]>
              </value>
            </param>
          </params>
          <reporter-output>
          </reporter-output>
        </test-method> <!-- runScenario -->
        <test-method is-config="true" signature="tearDownClass()[pri:0, instance:com.Tastynibbles.Runner.TastyNibblesLoginAndLogout@221a3fa4]" started-at="2025-03-21T13:57:55 IST" name="tearDownClass" finished-at="2025-03-21T13:57:55 IST" duration-ms="31" status="PASS">
          <reporter-output>
          </reporter-output>
        </test-method> <!-- tearDownClass -->
      </class> <!-- com.Tastynibbles.Runner.TastyNibblesLoginAndLogout -->
      <class name="com.Tastynibbles.Runner.TastyNibblesRegistration">
        <test-method is-config="true" signature="setUpClass(org.testng.ITestContext)[pri:0, instance:com.Tastynibbles.Runner.TastyNibblesRegistration@6e9a5ed8]" started-at="2025-03-21T13:51:53 IST" name="setUpClass" finished-at="2025-03-21T13:51:54 IST" duration-ms="618" status="PASS">
          <params>
            <param index="0">
              <value>
                <![CDATA[org.testng.TestRunner@4239262e]]>
              </value>
            </param>
          </params>
          <reporter-output>
          </reporter-output>
        </test-method> <!-- setUpClass -->
        <test-method signature="runScenario(io.cucumber.testng.PickleWrapper,io.cucumber.testng.FeatureWrapper)[pri:0, instance:com.Tastynibbles.Runner.TastyNibblesRegistration@6e9a5ed8]" started-at="2025-03-21T13:51:54 IST" name="runScenario" description="Runs Cucumber Scenarios" data-provider="scenarios" finished-at="2025-03-21T13:53:29 IST" duration-ms="95093" status="PASS">
          <params>
            <param index="0">
              <value>
                <![CDATA["User Registration with Invalid Data"]]>
              </value>
            </param>
            <param index="1">
              <value>
                <![CDATA["User Registration"]]>
              </value>
            </param>
          </params>
          <reporter-output>
          </reporter-output>
        </test-method> <!-- runScenario -->
        <test-method signature="runScenario(io.cucumber.testng.PickleWrapper,io.cucumber.testng.FeatureWrapper)[pri:0, instance:com.Tastynibbles.Runner.TastyNibblesRegistration@6e9a5ed8]" started-at="2025-03-21T13:53:29 IST" name="runScenario" description="Runs Cucumber Scenarios" data-provider="scenarios" finished-at="2025-03-21T13:55:12 IST" duration-ms="102232" status="PASS">
          <params>
            <param index="0">
              <value>
                <![CDATA["User Registration with Valid Data"]]>
              </value>
            </param>
            <param index="1">
              <value>
                <![CDATA["User Registration"]]>
              </value>
            </param>
          </params>
          <reporter-output>
          </reporter-output>
        </test-method> <!-- runScenario -->
        <test-method is-config="true" signature="tearDownClass()[pri:0, instance:com.Tastynibbles.Runner.TastyNibblesRegistration@6e9a5ed8]" started-at="2025-03-21T13:55:12 IST" name="tearDownClass" finished-at="2025-03-21T13:55:12 IST" duration-ms="47" status="PASS">
          <reporter-output>
          </reporter-output>
        </test-method> <!-- tearDownClass -->
      </class> <!-- com.Tastynibbles.Runner.TastyNibblesRegistration -->
    </test> <!-- Test -->
  </suite> <!-- Suite -->
</testng-results>
